09/25/15::22:20:52: scuff-scatter running on pekka-pc 
09/25/15::22:20:52: Flipped 788 panel normals to comport with region definitions. 
09/25/15::22:20:52: Could not open FIPPI cache file DelgaSphere.scuffcache... 
09/25/15::22:20:52: Working at frequency 0... 
09/25/15::22:20:52: Assembling BEM matrix block (0,0) 
09/25/15::22:21:11: Writing FIPPI cache to file DelgaSphere.scuffcache... 
09/25/15::22:21:12:  ...wrote 25505 FIPPI records. 
09/25/15::22:21:12:   LU-factorizing BEM matrix... 
09/25/15::22:21:15:   Assembling the RHS vector... 
09/25/15::22:21:15:   Solving the BEM system... 
09/25/15::22:21:15: Evaluating fields at points in file EPFile_30ring-xz... 
09/25/15::22:21:15: Working at frequency 0.255946... 
09/25/15::22:21:15: Assembling BEM matrix block (0,0) 
09/25/15::22:21:22:   LU-factorizing BEM matrix... 
09/25/15::22:21:25:   Assembling the RHS vector... 
09/25/15::22:21:25:   Solving the BEM system... 
09/25/15::22:21:25: Evaluating fields at points in file EPFile_30ring-xz... 
09/25/15::22:21:25: Working at frequency 0.511892... 
09/25/15::22:21:25: Assembling BEM matrix block (0,0) 
09/25/15::22:21:33:   LU-factorizing BEM matrix... 
09/25/15::22:21:35:   Assembling the RHS vector... 
09/25/15::22:21:35:   Solving the BEM system... 
09/25/15::22:21:36: Evaluating fields at points in file EPFile_30ring-xz... 
09/25/15::22:21:36: Working at frequency 0.767838... 
09/25/15::22:21:36: Assembling BEM matrix block (0,0) 
09/25/15::22:21:43:   LU-factorizing BEM matrix... 
09/25/15::22:21:46:   Assembling the RHS vector... 
09/25/15::22:21:46:   Solving the BEM system... 
09/25/15::22:21:46: Evaluating fields at points in file EPFile_30ring-xz... 
09/25/15::22:21:47: Working at frequency 1.02378... 
09/25/15::22:21:47: Assembling BEM matrix block (0,0) 
09/25/15::22:21:54:   LU-factorizing BEM matrix... 
09/25/15::22:21:57:   Assembling the RHS vector... 
09/25/15::22:21:57:   Solving the BEM system... 
09/25/15::22:21:57: Evaluating fields at points in file EPFile_30ring-xz... 
09/25/15::22:21:58: Working at frequency 1.27973... 
09/25/15::22:21:58: Assembling BEM matrix block (0,0) 
09/25/15::22:22:05:   LU-factorizing BEM matrix... 
09/25/15::22:22:08:   Assembling the RHS vector... 
09/25/15::22:22:08:   Solving the BEM system... 
09/25/15::22:22:08: Evaluating fields at points in file EPFile_30ring-xz... 
09/25/15::22:22:09: Working at frequency 1.53568... 
09/25/15::22:22:09: Assembling BEM matrix block (0,0) 
09/25/15::22:22:17:   LU-factorizing BEM matrix... 
09/25/15::22:22:20:   Assembling the RHS vector... 
09/25/15::22:22:20:   Solving the BEM system... 
09/25/15::22:22:20: Evaluating fields at points in file EPFile_30ring-xz... 
09/25/15::22:22:20: Working at frequency 1.79162... 
09/25/15::22:22:20: Assembling BEM matrix block (0,0) 
09/25/15::22:22:28:   LU-factorizing BEM matrix... 
09/25/15::22:22:31:   Assembling the RHS vector... 
09/25/15::22:22:31:   Solving the BEM system... 
09/25/15::22:22:31: Evaluating fields at points in file EPFile_30ring-xz... 
09/25/15::22:22:31: Working at frequency 2.04757... 
09/25/15::22:22:31: Assembling BEM matrix block (0,0) 
09/25/15::22:22:39:   LU-factorizing BEM matrix... 
09/25/15::22:22:42:   Assembling the RHS vector... 
09/25/15::22:22:42:   Solving the BEM system... 
09/25/15::22:22:42: Evaluating fields at points in file EPFile_30ring-xz... 
09/25/15::22:22:42: Working at frequency 2.30351... 
09/25/15::22:22:42: Assembling BEM matrix block (0,0) 
09/25/15::22:22:50:   LU-factorizing BEM matrix... 
09/25/15::22:22:53:   Assembling the RHS vector... 
09/25/15::22:22:53:   Solving the BEM system... 
09/25/15::22:22:53: Evaluating fields at points in file EPFile_30ring-xz... 
09/25/15::22:22:53: Working at frequency 2.55946... 
09/25/15::22:22:53: Assembling BEM matrix block (0,0) 
09/25/15::22:23:01:   LU-factorizing BEM matrix... 
09/25/15::22:23:04:   Assembling the RHS vector... 
09/25/15::22:23:04:   Solving the BEM system... 
09/25/15::22:23:04: Evaluating fields at points in file EPFile_30ring-xz... 
09/25/15::22:23:04: Working at frequency 2.81541... 
09/25/15::22:23:04: Assembling BEM matrix block (0,0) 
09/25/15::22:23:12:   LU-factorizing BEM matrix... 
09/25/15::22:23:15:   Assembling the RHS vector... 
09/25/15::22:23:15:   Solving the BEM system... 
09/25/15::22:23:15: Evaluating fields at points in file EPFile_30ring-xz... 
09/25/15::22:23:15: Working at frequency 3.07135... 
09/25/15::22:23:15: Assembling BEM matrix block (0,0) 
09/25/15::22:23:23:   LU-factorizing BEM matrix... 
09/25/15::22:23:26:   Assembling the RHS vector... 
09/25/15::22:23:26:   Solving the BEM system... 
09/25/15::22:23:26: Evaluating fields at points in file EPFile_30ring-xz... 
09/25/15::22:23:26: Working at frequency 3.3273... 
09/25/15::22:23:26: Assembling BEM matrix block (0,0) 
09/25/15::22:23:34:   LU-factorizing BEM matrix... 
09/25/15::22:23:37:   Assembling the RHS vector... 
09/25/15::22:23:37:   Solving the BEM system... 
09/25/15::22:23:37: Evaluating fields at points in file EPFile_30ring-xz... 
09/25/15::22:23:37: Working at frequency 3.58324... 
09/25/15::22:23:37: Assembling BEM matrix block (0,0) 
09/25/15::22:23:45:   LU-factorizing BEM matrix... 
09/25/15::22:23:48:   Assembling the RHS vector... 
09/25/15::22:23:48:   Solving the BEM system... 
09/25/15::22:23:48: Evaluating fields at points in file EPFile_30ring-xz... 
09/25/15::22:23:49: Working at frequency 3.83919... 
09/25/15::22:23:49: Assembling BEM matrix block (0,0) 
09/25/15::22:23:57:   LU-factorizing BEM matrix... 
09/25/15::22:24:01:   Assembling the RHS vector... 
09/25/15::22:24:01:   Solving the BEM system... 
09/25/15::22:24:01: Evaluating fields at points in file EPFile_30ring-xz... 
09/25/15::22:24:01: Working at frequency 4.09514... 
09/25/15::22:24:01: Assembling BEM matrix block (0,0) 
09/25/15::22:24:10:   LU-factorizing BEM matrix... 
09/25/15::22:24:13:   Assembling the RHS vector... 
09/25/15::22:24:13:   Solving the BEM system... 
09/25/15::22:24:13: Evaluating fields at points in file EPFile_30ring-xz... 
09/25/15::22:24:13: Working at frequency 4.35108... 
09/25/15::22:24:13: Assembling BEM matrix block (0,0) 
09/25/15::22:24:21:   LU-factorizing BEM matrix... 
09/25/15::22:24:24:   Assembling the RHS vector... 
09/25/15::22:24:24:   Solving the BEM system... 
09/25/15::22:24:24: Evaluating fields at points in file EPFile_30ring-xz... 
09/25/15::22:24:24: Working at frequency 4.60703... 
09/25/15::22:24:24: Assembling BEM matrix block (0,0) 
09/25/15::22:24:32:   LU-factorizing BEM matrix... 
09/25/15::22:24:35:   Assembling the RHS vector... 
09/25/15::22:24:35:   Solving the BEM system... 
09/25/15::22:24:35: Evaluating fields at points in file EPFile_30ring-xz... 
09/25/15::22:24:35: Working at frequency 4.86297... 
09/25/15::22:24:35: Assembling BEM matrix block (0,0) 
09/25/15::22:24:43:   LU-factorizing BEM matrix... 
09/25/15::22:24:46:   Assembling the RHS vector... 
09/25/15::22:24:46:   Solving the BEM system... 
09/25/15::22:24:46: Evaluating fields at points in file EPFile_30ring-xz... 
09/25/15::22:24:46: Working at frequency 5.11892... 
09/25/15::22:24:46: Assembling BEM matrix block (0,0) 
09/25/15::22:24:54:   LU-factorizing BEM matrix... 
09/25/15::22:24:57:   Assembling the RHS vector... 
09/25/15::22:24:57:   Solving the BEM system... 
09/25/15::22:24:57: Evaluating fields at points in file EPFile_30ring-xz... 
09/25/15::22:24:57: Working at frequency 5.37487... 
09/25/15::22:24:57: Assembling BEM matrix block (0,0) 
09/25/15::22:25:05:   LU-factorizing BEM matrix... 
09/25/15::22:25:08:   Assembling the RHS vector... 
09/25/15::22:25:08:   Solving the BEM system... 
09/25/15::22:25:08: Evaluating fields at points in file EPFile_30ring-xz... 
09/25/15::22:25:08: Working at frequency 5.63081... 
09/25/15::22:25:08: Assembling BEM matrix block (0,0) 
09/25/15::22:25:16:   LU-factorizing BEM matrix... 
09/25/15::22:25:19:   Assembling the RHS vector... 
09/25/15::22:25:19:   Solving the BEM system... 
09/25/15::22:25:19: Evaluating fields at points in file EPFile_30ring-xz... 
09/25/15::22:25:19: Working at frequency 5.88676... 
09/25/15::22:25:19: Assembling BEM matrix block (0,0) 
09/25/15::22:25:27:   LU-factorizing BEM matrix... 
09/25/15::22:25:30:   Assembling the RHS vector... 
09/25/15::22:25:30:   Solving the BEM system... 
09/25/15::22:25:30: Evaluating fields at points in file EPFile_30ring-xz... 
09/25/15::22:25:30: Working at frequency 6.1427... 
09/25/15::22:25:30: Assembling BEM matrix block (0,0) 
09/25/15::22:25:38:   LU-factorizing BEM matrix... 
09/25/15::22:25:41:   Assembling the RHS vector... 
09/25/15::22:25:41:   Solving the BEM system... 
09/25/15::22:25:41: Evaluating fields at points in file EPFile_30ring-xz... 
09/25/15::22:25:41: Working at frequency 6.39865... 
09/25/15::22:25:41: Assembling BEM matrix block (0,0) 
09/25/15::22:25:49:   LU-factorizing BEM matrix... 
09/25/15::22:25:52:   Assembling the RHS vector... 
09/25/15::22:25:52:   Solving the BEM system... 
09/25/15::22:25:52: Evaluating fields at points in file EPFile_30ring-xz... 
09/25/15::22:25:52: Working at frequency 6.6546... 
09/25/15::22:25:52: Assembling BEM matrix block (0,0) 
09/25/15::22:26:00:   LU-factorizing BEM matrix... 
09/25/15::22:26:03:   Assembling the RHS vector... 
09/25/15::22:26:03:   Solving the BEM system... 
09/25/15::22:26:03: Evaluating fields at points in file EPFile_30ring-xz... 
09/25/15::22:26:03: Working at frequency 6.91054... 
09/25/15::22:26:03: Assembling BEM matrix block (0,0) 
09/25/15::22:26:11:   LU-factorizing BEM matrix... 
09/25/15::22:26:14:   Assembling the RHS vector... 
09/25/15::22:26:14:   Solving the BEM system... 
09/25/15::22:26:14: Evaluating fields at points in file EPFile_30ring-xz... 
09/25/15::22:26:14: Working at frequency 7.16649... 
09/25/15::22:26:14: Assembling BEM matrix block (0,0) 
09/25/15::22:26:22:   LU-factorizing BEM matrix... 
09/25/15::22:26:25:   Assembling the RHS vector... 
09/25/15::22:26:25:   Solving the BEM system... 
09/25/15::22:26:25: Evaluating fields at points in file EPFile_30ring-xz... 
09/25/15::22:26:26: Working at frequency 7.42243... 
09/25/15::22:26:26: Assembling BEM matrix block (0,0) 
09/25/15::22:26:34:   LU-factorizing BEM matrix... 
09/25/15::22:26:37:   Assembling the RHS vector... 
09/25/15::22:26:37:   Solving the BEM system... 
09/25/15::22:26:37: Evaluating fields at points in file EPFile_30ring-xz... 
09/25/15::22:26:37: Working at frequency 7.67838... 
09/25/15::22:26:37: Assembling BEM matrix block (0,0) 
09/25/15::22:26:45:   LU-factorizing BEM matrix... 
09/25/15::22:26:48:   Assembling the RHS vector... 
09/25/15::22:26:48:   Solving the BEM system... 
09/25/15::22:26:48: Evaluating fields at points in file EPFile_30ring-xz... 
09/25/15::22:26:48: Working at frequency 7.93433... 
09/25/15::22:26:48: Assembling BEM matrix block (0,0) 
09/25/15::22:26:56:   LU-factorizing BEM matrix... 
09/25/15::22:26:59:   Assembling the RHS vector... 
09/25/15::22:26:59:   Solving the BEM system... 
09/25/15::22:26:59: Evaluating fields at points in file EPFile_30ring-xz... 
09/25/15::22:26:59: Working at frequency 8.19027... 
09/25/15::22:26:59: Assembling BEM matrix block (0,0) 
09/25/15::22:27:07:   LU-factorizing BEM matrix... 
09/25/15::22:27:10:   Assembling the RHS vector... 
09/25/15::22:27:10:   Solving the BEM system... 
09/25/15::22:27:10: Evaluating fields at points in file EPFile_30ring-xz... 
09/25/15::22:27:10: Working at frequency 8.44622... 
09/25/15::22:27:10: Assembling BEM matrix block (0,0) 
09/25/15::22:27:19:   LU-factorizing BEM matrix... 
09/25/15::22:27:22:   Assembling the RHS vector... 
09/25/15::22:27:22:   Solving the BEM system... 
09/25/15::22:27:22: Evaluating fields at points in file EPFile_30ring-xz... 
09/25/15::22:27:22: Working at frequency 8.70216... 
09/25/15::22:27:22: Assembling BEM matrix block (0,0) 
09/25/15::22:27:30:   LU-factorizing BEM matrix... 
09/25/15::22:27:33:   Assembling the RHS vector... 
09/25/15::22:27:33:   Solving the BEM system... 
09/25/15::22:27:33: Evaluating fields at points in file EPFile_30ring-xz... 
09/25/15::22:27:33: Working at frequency 8.95811... 
09/25/15::22:27:33: Assembling BEM matrix block (0,0) 
09/25/15::22:27:42:   LU-factorizing BEM matrix... 
09/25/15::22:27:45:   Assembling the RHS vector... 
09/25/15::22:27:45:   Solving the BEM system... 
09/25/15::22:27:45: Evaluating fields at points in file EPFile_30ring-xz... 
09/25/15::22:27:45: Working at frequency 9.21406... 
09/25/15::22:27:45: Assembling BEM matrix block (0,0) 
09/25/15::22:27:53:   LU-factorizing BEM matrix... 
09/25/15::22:27:56:   Assembling the RHS vector... 
09/25/15::22:27:56:   Solving the BEM system... 
09/25/15::22:27:56: Evaluating fields at points in file EPFile_30ring-xz... 
09/25/15::22:27:56: Working at frequency 9.47... 
09/25/15::22:27:56: Assembling BEM matrix block (0,0) 
09/25/15::22:28:04:   LU-factorizing BEM matrix... 
09/25/15::22:28:07:   Assembling the RHS vector... 
09/25/15::22:28:07:   Solving the BEM system... 
09/25/15::22:28:07: Evaluating fields at points in file EPFile_30ring-xz... 
09/25/15::22:28:07: Working at frequency 9.72595... 
09/25/15::22:28:07: Assembling BEM matrix block (0,0) 
09/25/15::22:28:15:   LU-factorizing BEM matrix... 
09/25/15::22:28:18:   Assembling the RHS vector... 
09/25/15::22:28:18:   Solving the BEM system... 
09/25/15::22:28:18: Evaluating fields at points in file EPFile_30ring-xz... 
09/25/15::22:28:19: Working at frequency 9.98189... 
09/25/15::22:28:19: Assembling BEM matrix block (0,0) 
09/25/15::22:28:27:   LU-factorizing BEM matrix... 
09/25/15::22:28:30:   Assembling the RHS vector... 
09/25/15::22:28:30:   Solving the BEM system... 
09/25/15::22:28:30: Evaluating fields at points in file EPFile_30ring-xz... 
09/25/15::22:28:30: Working at frequency 10.2378... 
09/25/15::22:28:30: Assembling BEM matrix block (0,0) 
09/25/15::22:28:39:   LU-factorizing BEM matrix... 
09/25/15::22:28:42:   Assembling the RHS vector... 
09/25/15::22:28:42:   Solving the BEM system... 
09/25/15::22:28:42: Evaluating fields at points in file EPFile_30ring-xz... 
09/25/15::22:28:42: Working at frequency 10.4938... 
09/25/15::22:28:42: Assembling BEM matrix block (0,0) 
09/25/15::22:28:51:   LU-factorizing BEM matrix... 
09/25/15::22:28:54:   Assembling the RHS vector... 
09/25/15::22:28:54:   Solving the BEM system... 
09/25/15::22:28:54: Evaluating fields at points in file EPFile_30ring-xz... 
09/25/15::22:28:54: Working at frequency 10.7497... 
09/25/15::22:28:54: Assembling BEM matrix block (0,0) 
09/25/15::22:29:03:   LU-factorizing BEM matrix... 
09/25/15::22:29:06:   Assembling the RHS vector... 
09/25/15::22:29:06:   Solving the BEM system... 
09/25/15::22:29:06: Evaluating fields at points in file EPFile_30ring-xz... 
09/25/15::22:29:06: Working at frequency 11.0057... 
09/25/15::22:29:06: Assembling BEM matrix block (0,0) 
09/25/15::22:29:14:   LU-factorizing BEM matrix... 
09/25/15::22:29:17:   Assembling the RHS vector... 
09/25/15::22:29:17:   Solving the BEM system... 
09/25/15::22:29:18: Evaluating fields at points in file EPFile_30ring-xz... 
09/25/15::22:29:18: Working at frequency 11.2616... 
09/25/15::22:29:18: Assembling BEM matrix block (0,0) 
09/25/15::22:29:26:   LU-factorizing BEM matrix... 
09/25/15::22:29:29:   Assembling the RHS vector... 
09/25/15::22:29:29:   Solving the BEM system... 
09/25/15::22:29:29: Evaluating fields at points in file EPFile_30ring-xz... 
09/25/15::22:29:30: Working at frequency 11.5176... 
09/25/15::22:29:30: Assembling BEM matrix block (0,0) 
09/25/15::22:29:38:   LU-factorizing BEM matrix... 
09/25/15::22:29:41:   Assembling the RHS vector... 
09/25/15::22:29:41:   Solving the BEM system... 
09/25/15::22:29:41: Evaluating fields at points in file EPFile_30ring-xz... 
09/25/15::22:29:42: Working at frequency 11.7735... 
09/25/15::22:29:42: Assembling BEM matrix block (0,0) 
09/25/15::22:29:50:   LU-factorizing BEM matrix... 
09/25/15::22:29:53:   Assembling the RHS vector... 
09/25/15::22:29:53:   Solving the BEM system... 
09/25/15::22:29:53: Evaluating fields at points in file EPFile_30ring-xz... 
09/25/15::22:29:53: Working at frequency 12.0295... 
09/25/15::22:29:53: Assembling BEM matrix block (0,0) 
09/25/15::22:30:02:   LU-factorizing BEM matrix... 
09/25/15::22:30:05:   Assembling the RHS vector... 
09/25/15::22:30:05:   Solving the BEM system... 
09/25/15::22:30:05: Evaluating fields at points in file EPFile_30ring-xz... 
09/25/15::22:30:05: Working at frequency 12.2854... 
09/25/15::22:30:05: Assembling BEM matrix block (0,0) 
09/25/15::22:30:13:   LU-factorizing BEM matrix... 
09/25/15::22:30:16:   Assembling the RHS vector... 
09/25/15::22:30:16:   Solving the BEM system... 
09/25/15::22:30:16: Evaluating fields at points in file EPFile_30ring-xz... 
09/25/15::22:30:16: Working at frequency 12.5414... 
09/25/15::22:30:16: Assembling BEM matrix block (0,0) 
09/25/15::22:30:25:   LU-factorizing BEM matrix... 
09/25/15::22:30:28:   Assembling the RHS vector... 
09/25/15::22:30:28:   Solving the BEM system... 
09/25/15::22:30:28: Evaluating fields at points in file EPFile_30ring-xz... 
09/25/15::22:30:28: Working at frequency 12.7973... 
09/25/15::22:30:28: Assembling BEM matrix block (0,0) 
09/25/15::22:30:36:   LU-factorizing BEM matrix... 
09/25/15::22:30:39:   Assembling the RHS vector... 
09/25/15::22:30:39:   Solving the BEM system... 
09/25/15::22:30:40: Evaluating fields at points in file EPFile_30ring-xz... 
09/25/15::22:30:40: Working at frequency 13.0532... 
09/25/15::22:30:40: Assembling BEM matrix block (0,0) 
09/25/15::22:30:48:   LU-factorizing BEM matrix... 
09/25/15::22:30:51:   Assembling the RHS vector... 
09/25/15::22:30:51:   Solving the BEM system... 
09/25/15::22:30:51: Evaluating fields at points in file EPFile_30ring-xz... 
09/25/15::22:30:52: Working at frequency 13.3092... 
09/25/15::22:30:52: Assembling BEM matrix block (0,0) 
09/25/15::22:31:00:   LU-factorizing BEM matrix... 
09/25/15::22:31:03:   Assembling the RHS vector... 
09/25/15::22:31:03:   Solving the BEM system... 
09/25/15::22:31:03: Evaluating fields at points in file EPFile_30ring-xz... 
09/25/15::22:31:04: Working at frequency 13.5651... 
09/25/15::22:31:04: Assembling BEM matrix block (0,0) 
09/25/15::22:31:12:   LU-factorizing BEM matrix... 
09/25/15::22:31:15:   Assembling the RHS vector... 
09/25/15::22:31:15:   Solving the BEM system... 
09/25/15::22:31:15: Evaluating fields at points in file EPFile_30ring-xz... 
09/25/15::22:31:16: Working at frequency 13.8211... 
09/25/15::22:31:16: Assembling BEM matrix block (0,0) 
09/25/15::22:31:24:   LU-factorizing BEM matrix... 
09/25/15::22:31:27:   Assembling the RHS vector... 
09/25/15::22:31:27:   Solving the BEM system... 
09/25/15::22:31:27: Evaluating fields at points in file EPFile_30ring-xz... 
09/25/15::22:31:27: Working at frequency 14.077... 
09/25/15::22:31:27: Assembling BEM matrix block (0,0) 
09/25/15::22:31:35:   LU-factorizing BEM matrix... 
09/25/15::22:31:38:   Assembling the RHS vector... 
09/25/15::22:31:38:   Solving the BEM system... 
09/25/15::22:31:38: Evaluating fields at points in file EPFile_30ring-xz... 
09/25/15::22:31:39: Working at frequency 14.333... 
09/25/15::22:31:39: Assembling BEM matrix block (0,0) 
09/25/15::22:31:47:   LU-factorizing BEM matrix... 
09/25/15::22:31:50:   Assembling the RHS vector... 
09/25/15::22:31:50:   Solving the BEM system... 
09/25/15::22:31:50: Evaluating fields at points in file EPFile_30ring-xz... 
09/25/15::22:31:50: Working at frequency 14.5889... 
09/25/15::22:31:50: Assembling BEM matrix block (0,0) 
09/25/15::22:31:59:   LU-factorizing BEM matrix... 
09/25/15::22:32:02:   Assembling the RHS vector... 
09/25/15::22:32:02:   Solving the BEM system... 
09/25/15::22:32:02: Evaluating fields at points in file EPFile_30ring-xz... 
09/25/15::22:32:02: Working at frequency 14.8449... 
09/25/15::22:32:02: Assembling BEM matrix block (0,0) 
09/25/15::22:32:11:   LU-factorizing BEM matrix... 
09/25/15::22:32:14:   Assembling the RHS vector... 
09/25/15::22:32:14:   Solving the BEM system... 
09/25/15::22:32:14: Evaluating fields at points in file EPFile_30ring-xz... 
09/25/15::22:32:14: Working at frequency 15.1008... 
09/25/15::22:32:14: Assembling BEM matrix block (0,0) 
09/25/15::22:32:22:   LU-factorizing BEM matrix... 
09/25/15::22:32:25:   Assembling the RHS vector... 
09/25/15::22:32:25:   Solving the BEM system... 
09/25/15::22:32:25: Evaluating fields at points in file EPFile_30ring-xz... 
09/25/15::22:32:26: Working at frequency 15.3568... 
09/25/15::22:32:26: Assembling BEM matrix block (0,0) 
09/25/15::22:32:34:   LU-factorizing BEM matrix... 
09/25/15::22:32:37:   Assembling the RHS vector... 
09/25/15::22:32:37:   Solving the BEM system... 
09/25/15::22:32:37: Evaluating fields at points in file EPFile_30ring-xz... 
09/25/15::22:32:38: Working at frequency 15.6127... 
09/25/15::22:32:38: Assembling BEM matrix block (0,0) 
09/25/15::22:32:46:   LU-factorizing BEM matrix... 
09/25/15::22:32:49:   Assembling the RHS vector... 
09/25/15::22:32:49:   Solving the BEM system... 
09/25/15::22:32:49: Evaluating fields at points in file EPFile_30ring-xz... 
09/25/15::22:32:49: Working at frequency 15.8687... 
09/25/15::22:32:49: Assembling BEM matrix block (0,0) 
09/25/15::22:32:57:   LU-factorizing BEM matrix... 
09/25/15::22:33:00:   Assembling the RHS vector... 
09/25/15::22:33:01:   Solving the BEM system... 
09/25/15::22:33:01: Evaluating fields at points in file EPFile_30ring-xz... 
09/25/15::22:33:01: Working at frequency 16.1246... 
09/25/15::22:33:01: Assembling BEM matrix block (0,0) 
09/25/15::22:33:09:   LU-factorizing BEM matrix... 
09/25/15::22:33:12:   Assembling the RHS vector... 
09/25/15::22:33:12:   Solving the BEM system... 
09/25/15::22:33:12: Evaluating fields at points in file EPFile_30ring-xz... 
09/25/15::22:33:12: Working at frequency 16.3805... 
09/25/15::22:33:12: Assembling BEM matrix block (0,0) 
09/25/15::22:33:20:   LU-factorizing BEM matrix... 
09/25/15::22:33:23:   Assembling the RHS vector... 
09/25/15::22:33:23:   Solving the BEM system... 
09/25/15::22:33:23: Evaluating fields at points in file EPFile_30ring-xz... 
09/25/15::22:33:24: Working at frequency 16.6365... 
09/25/15::22:33:24: Assembling BEM matrix block (0,0) 
09/25/15::22:33:32:   LU-factorizing BEM matrix... 
09/25/15::22:33:35:   Assembling the RHS vector... 
09/25/15::22:33:35:   Solving the BEM system... 
09/25/15::22:33:35: Evaluating fields at points in file EPFile_30ring-xz... 
09/25/15::22:33:35: Working at frequency 16.8924... 
09/25/15::22:33:35: Assembling BEM matrix block (0,0) 
09/25/15::22:33:43:   LU-factorizing BEM matrix... 
09/25/15::22:33:46:   Assembling the RHS vector... 
09/25/15::22:33:46:   Solving the BEM system... 
09/25/15::22:33:46: Evaluating fields at points in file EPFile_30ring-xz... 
09/25/15::22:33:47: Working at frequency 17.1484... 
09/25/15::22:33:47: Assembling BEM matrix block (0,0) 
09/25/15::22:33:54:   LU-factorizing BEM matrix... 
09/25/15::22:33:57:   Assembling the RHS vector... 
09/25/15::22:33:57:   Solving the BEM system... 
09/25/15::22:33:58: Evaluating fields at points in file EPFile_30ring-xz... 
09/25/15::22:33:58: Working at frequency 17.4043... 
09/25/15::22:33:58: Assembling BEM matrix block (0,0) 
09/25/15::22:34:06:   LU-factorizing BEM matrix... 
09/25/15::22:34:09:   Assembling the RHS vector... 
09/25/15::22:34:09:   Solving the BEM system... 
09/25/15::22:34:09: Evaluating fields at points in file EPFile_30ring-xz... 
09/25/15::22:34:09: Working at frequency 17.6603... 
09/25/15::22:34:09: Assembling BEM matrix block (0,0) 
09/25/15::22:34:16:   LU-factorizing BEM matrix... 
09/25/15::22:34:19:   Assembling the RHS vector... 
09/25/15::22:34:19:   Solving the BEM system... 
09/25/15::22:34:20: Evaluating fields at points in file EPFile_30ring-xz... 
09/25/15::22:34:20: Working at frequency 17.9162... 
09/25/15::22:34:20: Assembling BEM matrix block (0,0) 
09/25/15::22:34:27:   LU-factorizing BEM matrix... 
09/25/15::22:34:31:   Assembling the RHS vector... 
09/25/15::22:34:31:   Solving the BEM system... 
09/25/15::22:34:31: Evaluating fields at points in file EPFile_30ring-xz... 
09/25/15::22:34:31: Working at frequency 18.1722... 
09/25/15::22:34:31: Assembling BEM matrix block (0,0) 
09/25/15::22:34:39:   LU-factorizing BEM matrix... 
09/25/15::22:34:42:   Assembling the RHS vector... 
09/25/15::22:34:42:   Solving the BEM system... 
09/25/15::22:34:42: Evaluating fields at points in file EPFile_30ring-xz... 
09/25/15::22:34:42: Working at frequency 18.4281... 
09/25/15::22:34:42: Assembling BEM matrix block (0,0) 
09/25/15::22:34:49:   LU-factorizing BEM matrix... 
09/25/15::22:34:52:   Assembling the RHS vector... 
09/25/15::22:34:52:   Solving the BEM system... 
09/25/15::22:34:52: Evaluating fields at points in file EPFile_30ring-xz... 
09/25/15::22:34:53: Working at frequency 18.6841... 
09/25/15::22:34:53: Assembling BEM matrix block (0,0) 
09/25/15::22:35:00:   LU-factorizing BEM matrix... 
09/25/15::22:35:03:   Assembling the RHS vector... 
09/25/15::22:35:03:   Solving the BEM system... 
09/25/15::22:35:03: Evaluating fields at points in file EPFile_30ring-xz... 
09/25/15::22:35:03: Working at frequency 18.94... 
09/25/15::22:35:03: Assembling BEM matrix block (0,0) 
09/25/15::22:35:11:   LU-factorizing BEM matrix... 
09/25/15::22:35:14:   Assembling the RHS vector... 
09/25/15::22:35:14:   Solving the BEM system... 
09/25/15::22:35:14: Evaluating fields at points in file EPFile_30ring-xz... 
09/25/15::22:35:15: Working at frequency 19.196... 
09/25/15::22:35:15: Assembling BEM matrix block (0,0) 
09/25/15::22:35:22:   LU-factorizing BEM matrix... 
09/25/15::22:35:25:   Assembling the RHS vector... 
09/25/15::22:35:25:   Solving the BEM system... 
09/25/15::22:35:25: Evaluating fields at points in file EPFile_30ring-xz... 
09/25/15::22:35:25: Working at frequency 19.4519... 
09/25/15::22:35:25: Assembling BEM matrix block (0,0) 
09/25/15::22:35:32:   LU-factorizing BEM matrix... 
09/25/15::22:35:35:   Assembling the RHS vector... 
09/25/15::22:35:35:   Solving the BEM system... 
09/25/15::22:35:35: Evaluating fields at points in file EPFile_30ring-xz... 
09/25/15::22:35:35: Working at frequency 19.7078... 
09/25/15::22:35:35: Assembling BEM matrix block (0,0) 
09/25/15::22:35:42:   LU-factorizing BEM matrix... 
09/25/15::22:35:45:   Assembling the RHS vector... 
09/25/15::22:35:45:   Solving the BEM system... 
09/25/15::22:35:45: Evaluating fields at points in file EPFile_30ring-xz... 
09/25/15::22:35:45: Working at frequency 19.9638... 
09/25/15::22:35:45: Assembling BEM matrix block (0,0) 
09/25/15::22:35:52:   LU-factorizing BEM matrix... 
09/25/15::22:35:56:   Assembling the RHS vector... 
09/25/15::22:35:56:   Solving the BEM system... 
09/25/15::22:35:56: Evaluating fields at points in file EPFile_30ring-xz... 
09/25/15::22:35:56: Working at frequency 20.2197... 
09/25/15::22:35:56: Assembling BEM matrix block (0,0) 
09/25/15::22:36:03:   LU-factorizing BEM matrix... 
09/25/15::22:36:06:   Assembling the RHS vector... 
09/25/15::22:36:06:   Solving the BEM system... 
09/25/15::22:36:06: Evaluating fields at points in file EPFile_30ring-xz... 
09/25/15::22:36:06: Working at frequency 20.4757... 
09/25/15::22:36:06: Assembling BEM matrix block (0,0) 
09/25/15::22:36:14:   LU-factorizing BEM matrix... 
09/25/15::22:36:17:   Assembling the RHS vector... 
09/25/15::22:36:17:   Solving the BEM system... 
09/25/15::22:36:17: Evaluating fields at points in file EPFile_30ring-xz... 
09/25/15::22:36:17: Working at frequency 20.7316... 
09/25/15::22:36:17: Assembling BEM matrix block (0,0) 
09/25/15::22:36:24:   LU-factorizing BEM matrix... 
09/25/15::22:36:27:   Assembling the RHS vector... 
09/25/15::22:36:27:   Solving the BEM system... 
09/25/15::22:36:27: Evaluating fields at points in file EPFile_30ring-xz... 
09/25/15::22:36:27: Working at frequency 20.9876... 
09/25/15::22:36:27: Assembling BEM matrix block (0,0) 
09/25/15::22:36:35:   LU-factorizing BEM matrix... 
09/25/15::22:36:38:   Assembling the RHS vector... 
09/25/15::22:36:38:   Solving the BEM system... 
09/25/15::22:36:38: Evaluating fields at points in file EPFile_30ring-xz... 
09/25/15::22:36:39: Working at frequency 21.2435... 
09/25/15::22:36:39: Assembling BEM matrix block (0,0) 
09/25/15::22:36:46:   LU-factorizing BEM matrix... 
09/25/15::22:36:49:   Assembling the RHS vector... 
09/25/15::22:36:49:   Solving the BEM system... 
09/25/15::22:36:49: Evaluating fields at points in file EPFile_30ring-xz... 
09/25/15::22:36:49: Working at frequency 21.4995... 
09/25/15::22:36:49: Assembling BEM matrix block (0,0) 
09/25/15::22:36:56:   LU-factorizing BEM matrix... 
09/25/15::22:36:59:   Assembling the RHS vector... 
09/25/15::22:36:59:   Solving the BEM system... 
09/25/15::22:36:59: Evaluating fields at points in file EPFile_30ring-xz... 
09/25/15::22:36:59: Working at frequency 21.7554... 
09/25/15::22:36:59: Assembling BEM matrix block (0,0) 
09/25/15::22:37:06:   LU-factorizing BEM matrix... 
09/25/15::22:37:09:   Assembling the RHS vector... 
09/25/15::22:37:09:   Solving the BEM system... 
09/25/15::22:37:09: Evaluating fields at points in file EPFile_30ring-xz... 
09/25/15::22:37:09: Working at frequency 22.0114... 
09/25/15::22:37:09: Assembling BEM matrix block (0,0) 
09/25/15::22:37:16:   LU-factorizing BEM matrix... 
09/25/15::22:37:19:   Assembling the RHS vector... 
09/25/15::22:37:19:   Solving the BEM system... 
09/25/15::22:37:19: Evaluating fields at points in file EPFile_30ring-xz... 
09/25/15::22:37:20: Working at frequency 22.2673... 
09/25/15::22:37:20: Assembling BEM matrix block (0,0) 
09/25/15::22:37:27:   LU-factorizing BEM matrix... 
09/25/15::22:37:30:   Assembling the RHS vector... 
09/25/15::22:37:30:   Solving the BEM system... 
09/25/15::22:37:30: Evaluating fields at points in file EPFile_30ring-xz... 
09/25/15::22:37:30: Working at frequency 22.5232... 
09/25/15::22:37:30: Assembling BEM matrix block (0,0) 
09/25/15::22:37:37:   LU-factorizing BEM matrix... 
09/25/15::22:37:40:   Assembling the RHS vector... 
09/25/15::22:37:40:   Solving the BEM system... 
09/25/15::22:37:40: Evaluating fields at points in file EPFile_30ring-xz... 
09/25/15::22:37:41: Working at frequency 22.7792... 
09/25/15::22:37:41: Assembling BEM matrix block (0,0) 
09/25/15::22:37:48:   LU-factorizing BEM matrix... 
09/25/15::22:37:51:   Assembling the RHS vector... 
09/25/15::22:37:51:   Solving the BEM system... 
09/25/15::22:37:51: Evaluating fields at points in file EPFile_30ring-xz... 
09/25/15::22:37:51: Working at frequency 23.0351... 
09/25/15::22:37:51: Assembling BEM matrix block (0,0) 
09/25/15::22:37:58:   LU-factorizing BEM matrix... 
09/25/15::22:38:01:   Assembling the RHS vector... 
09/25/15::22:38:01:   Solving the BEM system... 
09/25/15::22:38:01: Evaluating fields at points in file EPFile_30ring-xz... 
09/25/15::22:38:02: Working at frequency 23.2911... 
09/25/15::22:38:02: Assembling BEM matrix block (0,0) 
09/25/15::22:38:09:   LU-factorizing BEM matrix... 
09/25/15::22:38:12:   Assembling the RHS vector... 
09/25/15::22:38:12:   Solving the BEM system... 
09/25/15::22:38:12: Evaluating fields at points in file EPFile_30ring-xz... 
09/25/15::22:38:12: Working at frequency 23.547... 
09/25/15::22:38:12: Assembling BEM matrix block (0,0) 
09/25/15::22:38:19:   LU-factorizing BEM matrix... 
09/25/15::22:38:22:   Assembling the RHS vector... 
09/25/15::22:38:22:   Solving the BEM system... 
09/25/15::22:38:22: Evaluating fields at points in file EPFile_30ring-xz... 
09/25/15::22:38:22: Working at frequency 23.803... 
09/25/15::22:38:22: Assembling BEM matrix block (0,0) 
09/25/15::22:38:30:   LU-factorizing BEM matrix... 
09/25/15::22:38:33:   Assembling the RHS vector... 
09/25/15::22:38:33:   Solving the BEM system... 
09/25/15::22:38:33: Evaluating fields at points in file EPFile_30ring-xz... 
09/25/15::22:38:33: Working at frequency 24.0589... 
09/25/15::22:38:33: Assembling BEM matrix block (0,0) 
09/25/15::22:38:40:   LU-factorizing BEM matrix... 
09/25/15::22:38:44:   Assembling the RHS vector... 
09/25/15::22:38:44:   Solving the BEM system... 
09/25/15::22:38:44: Evaluating fields at points in file EPFile_30ring-xz... 
09/25/15::22:38:44: Working at frequency 24.3149... 
09/25/15::22:38:44: Assembling BEM matrix block (0,0) 
09/25/15::22:38:51:   LU-factorizing BEM matrix... 
09/25/15::22:38:54:   Assembling the RHS vector... 
09/25/15::22:38:54:   Solving the BEM system... 
09/25/15::22:38:54: Evaluating fields at points in file EPFile_30ring-xz... 
09/25/15::22:38:54: Working at frequency 24.5708... 
09/25/15::22:38:54: Assembling BEM matrix block (0,0) 
09/25/15::22:39:02:   LU-factorizing BEM matrix... 
09/25/15::22:39:05:   Assembling the RHS vector... 
09/25/15::22:39:05:   Solving the BEM system... 
09/25/15::22:39:05: Evaluating fields at points in file EPFile_30ring-xz... 
09/25/15::22:39:05: Working at frequency 24.8268... 
09/25/15::22:39:05: Assembling BEM matrix block (0,0) 
09/25/15::22:39:12:   LU-factorizing BEM matrix... 
09/25/15::22:39:15:   Assembling the RHS vector... 
09/25/15::22:39:15:   Solving the BEM system... 
09/25/15::22:39:15: Evaluating fields at points in file EPFile_30ring-xz... 
09/25/15::22:39:16: Working at frequency 25.0827... 
09/25/15::22:39:16: Assembling BEM matrix block (0,0) 
09/25/15::22:39:23:   LU-factorizing BEM matrix... 
09/25/15::22:39:26:   Assembling the RHS vector... 
09/25/15::22:39:26:   Solving the BEM system... 
09/25/15::22:39:26: Evaluating fields at points in file EPFile_30ring-xz... 
09/25/15::22:39:26: Working at frequency 25.3387... 
09/25/15::22:39:26: Assembling BEM matrix block (0,0) 
09/25/15::22:39:34:   LU-factorizing BEM matrix... 
09/25/15::22:39:37:   Assembling the RHS vector... 
09/25/15::22:39:37:   Solving the BEM system... 
09/25/15::22:39:37: Evaluating fields at points in file EPFile_30ring-xz... 
